<?xml version="1.0" encoding="UTF-8"?>
<testng-results ignored="0" total="1" passed="1" failed="0" skipped="0">
  <reporter-output>
  </reporter-output>
  <suite started-at="2025-03-10T19:21:06 IST" name="Suite" finished-at="2025-03-10T19:21:53 IST" duration-ms="46955">
    <groups>
    </groups>
    <test started-at="2025-03-10T19:21:06 IST" name="Test" finished-at="2025-03-10T19:21:53 IST" duration-ms="46955">
      <class name="testCases.LoginTestCase">
        <test-method is-config="true" signature="setup(java.lang.String)[pri:0, instance:testCases.LoginTestCase@676cf48]" started-at="2025-03-10T19:21:06 IST" name="setup" finished-at="2025-03-10T19:21:33 IST" duration-ms="27501" status="PASS">
          <params>
            <param index="0">
              <value>
                <![CDATA[chrome]]>
              </value>
            </param>
          </params>
          <reporter-output>
          </reporter-output>
        </test-method> <!-- setup -->
        <test-method signature="logintest()[pri:0, instance:testCases.LoginTestCase@676cf48]" started-at="2025-03-10T19:21:33 IST" name="logintest" finished-at="2025-03-10T19:21:53 IST" duration-ms="19275" status="PASS">
          <reporter-output>
          </reporter-output>
        </test-method> <!-- logintest -->
        <test-method is-config="true" signature="tearDown()[pri:0, instance:testCases.LoginTestCase@676cf48]" started-at="2025-03-10T19:21:53 IST" name="tearDown" finished-at="2025-03-10T19:21:53 IST" duration-ms="120" status="PASS">
          <reporter-output>
          </reporter-output>
        </test-method> <!-- tearDown -->
      </class> <!-- testCases.LoginTestCase -->
    </test> <!-- Test -->
  </suite> <!-- Suite -->
</testng-results>
